android/app/build/intermediates/manifest_merge_blame_file/release/manifest-merger-blame-release-report.txt
1<?xml version="1.0" encoding="utf-8"?>
2<manifest xmlns:android="http://schemas.android.com/apk/res/android"
3    package="com.example.beposoft"
4    android:versionCode="1"
5    android:versionName="1.0.0" >
6
7    <uses-sdk
8        android:minSdkVersion="21"
8-->src\main\AndroidManifest.xml
9        android:targetSdkVersion="34" />
9-->src\main\AndroidManifest.xml
10
11    <!-- Add permissions for storage access -->
12    <uses-permission android:name="android.permission.WRITE_EXTERNAL_STORAGE" />
12-->src\main\AndroidManifest.xml:4:5-81
12-->src\main\AndroidManifest.xml:4:22-78
13    <uses-permission
13-->src\main\AndroidManifest.xml:5:5-80
14        android:name="android.permission.READ_EXTERNAL_STORAGE"
14-->src\main\AndroidManifest.xml:5:22-77
15        android:maxSdkVersion="32" />
15-->[:file_picker] AndroidManifest.xml:9:9-35
16
17    <!--
18         Required to query activities that can process text, see:
19         https://developer.android.com/training/package-visibility?hl=en and
20         https://developer.android.com/reference/android/content/Intent#ACTION_PROCESS_TEXT.
21
22         In particular, this is used by the Flutter engine in io.flutter.plugin.text.ProcessTextPlugin.
23    -->
24    <queries>
24-->src\main\AndroidManifest.xml:47:5-52:15
25        <intent>
25-->src\main\AndroidManifest.xml:48:9-51:18
26            <action android:name="android.intent.action.PROCESS_TEXT" />
26-->src\main\AndroidManifest.xml:49:13-72
26-->src\main\AndroidManifest.xml:49:21-70
27
28            <data android:mimeType="text/plain" />
28-->src\main\AndroidManifest.xml:50:13-50
28-->src\main\AndroidManifest.xml:50:19-48
29        </intent>
30        <intent>
30-->[:file_picker] AndroidManifest.xml:12:9-16:18
31            <action android:name="android.intent.action.GET_CONTENT" />
31-->[:file_picker] AndroidManifest.xml:13:13-72
31-->[:file_picker] AndroidManifest.xml:13:21-69
32
33            <data android:mimeType="*/*" />
33-->src\main\AndroidManifest.xml:50:13-50
33-->src\main\AndroidManifest.xml:50:19-48
34        </intent>
35    </queries>
36
37    <permission
37-->[androidx.core:core:1.13.1] AndroidManifest.xml:22:5-24:47
38        android:name="com.example.beposoft.DYNAMIC_RECEIVER_NOT_EXPORTED_PERMISSION"
38-->[androidx.core:core:1.13.1] AndroidManifest.xml:23:9-81
39        android:protectionLevel="signature" />
39-->[androidx.core:core:1.13.1] AndroidManifest.xml:24:9-44
40
41    <uses-permission android:name="com.example.beposoft.DYNAMIC_RECEIVER_NOT_EXPORTED_PERMISSION" />
41-->[androidx.core:core:1.13.1] AndroidManifest.xml:26:5-97
41-->[androidx.core:core:1.13.1] AndroidManifest.xml:26:22-94
42
43    <application
44        android:name="android.app.Application"
44-->src\main\AndroidManifest.xml:9:9-42
45        android:appComponentFactory="androidx.core.app.CoreComponentFactory"
45-->[androidx.core:core:1.13.1] AndroidManifest.xml:28:18-86
46        android:icon="@mipmap/ic_launcher"
46-->src\main\AndroidManifest.xml:10:9-43
47        android:label="beposoft" >
47-->src\main\AndroidManifest.xml:8:9-33
48        <activity
48-->src\main\AndroidManifest.xml:12:9-33:20
49            android:name="com.example.beposoft.MainActivity"
49-->src\main\AndroidManifest.xml:13:13-41
50            android:configChanges="orientation|keyboardHidden|keyboard|screenSize|smallestScreenSize|locale|layoutDirection|fontScale|screenLayout|density|uiMode"
50-->src\main\AndroidManifest.xml:17:13-163
51            android:exported="true"
51-->src\main\AndroidManifest.xml:14:13-36
52            android:hardwareAccelerated="true"
52-->src\main\AndroidManifest.xml:18:13-47
53            android:launchMode="singleTop"
53-->src\main\AndroidManifest.xml:15:13-43
54            android:theme="@style/LaunchTheme"
54-->src\main\AndroidManifest.xml:16:13-47
55            android:windowSoftInputMode="adjustResize" >
55-->src\main\AndroidManifest.xml:19:13-55
56
57            <!--
58                 Specifies an Android theme to apply to this Activity as soon as
59                 the Android process has started. This theme is visible to the user
60                 while the Flutter UI initializes. After that, this theme continues
61                 to determine the Window background behind the Flutter UI.
62            -->
63            <meta-data
63-->src\main\AndroidManifest.xml:25:13-28:17
64                android:name="io.flutter.embedding.android.NormalTheme"
64-->src\main\AndroidManifest.xml:26:15-70
65                android:resource="@style/NormalTheme" />
65-->src\main\AndroidManifest.xml:27:15-52
66
67            <intent-filter>
67-->src\main\AndroidManifest.xml:29:13-32:29
68                <action android:name="android.intent.action.MAIN" />
68-->src\main\AndroidManifest.xml:30:17-68
68-->src\main\AndroidManifest.xml:30:25-66
69
70                <category android:name="android.intent.category.LAUNCHER" />
70-->src\main\AndroidManifest.xml:31:17-76
70-->src\main\AndroidManifest.xml:31:27-74
71            </intent-filter>
72        </activity>
73
74        <!--
75             Don't delete the meta-data below.
76             This is used by the Flutter tool to generate GeneratedPluginRegistrant.java
77        -->
78        <meta-data
78-->src\main\AndroidManifest.xml:37:9-39:33
79            android:name="flutterEmbedding"
79-->src\main\AndroidManifest.xml:38:13-44
80            android:value="2" />
80-->src\main\AndroidManifest.xml:39:13-30
81
82        <provider
82-->[:image_picker_android] AndroidManifest.xml:9:9-17:20
83            android:name="io.flutter.plugins.imagepicker.ImagePickerFileProvider"
83-->[:image_picker_android] AndroidManifest.xml:10:13-82
84            android:authorities="com.example.beposoft.flutter.image_provider"
84-->[:image_picker_android] AndroidManifest.xml:11:13-74
85            android:exported="false"
85-->[:image_picker_android] AndroidManifest.xml:12:13-37
86            android:grantUriPermissions="true" >
86-->[:image_picker_android] AndroidManifest.xml:13:13-47
87            <meta-data
87-->[:image_picker_android] AndroidManifest.xml:14:13-16:75
88                android:name="android.support.FILE_PROVIDER_PATHS"
88-->[:image_picker_android] AndroidManifest.xml:15:17-67
89                android:resource="@xml/flutter_image_picker_file_paths" />
89-->[:image_picker_android] AndroidManifest.xml:16:17-72
90        </provider> <!-- Trigger Google Play services to install the backported photo picker module. -->
91        <service
91-->[:image_picker_android] AndroidManifest.xml:19:9-31:19
92            android:name="com.google.android.gms.metadata.ModuleDependencies"
92-->[:image_picker_android] AndroidManifest.xml:20:13-78
93            android:enabled="false"
93-->[:image_picker_android] AndroidManifest.xml:21:13-36
94            android:exported="false" >
94-->[:image_picker_android] AndroidManifest.xml:22:13-37
95            <intent-filter>
95-->[:image_picker_android] AndroidManifest.xml:24:13-26:29
96                <action android:name="com.google.android.gms.metadata.MODULE_DEPENDENCIES" />
96-->[:image_picker_android] AndroidManifest.xml:25:17-94
96-->[:image_picker_android] AndroidManifest.xml:25:25-91
97            </intent-filter>
98
99            <meta-data
99-->[:image_picker_android] AndroidManifest.xml:28:13-30:36
100                android:name="photopicker_activity:0:required"
100-->[:image_picker_android] AndroidManifest.xml:29:17-63
101                android:value="" />
101-->[:image_picker_android] AndroidManifest.xml:30:17-33
102        </service>
103
104        <uses-library
104-->[androidx.window:window:1.2.0] AndroidManifest.xml:23:9-25:40
105            android:name="androidx.window.extensions"
105-->[androidx.window:window:1.2.0] AndroidManifest.xml:24:13-54
106            android:required="false" />
106-->[androidx.window:window:1.2.0] AndroidManifest.xml:25:13-37
107        <uses-library
107-->[androidx.window:window:1.2.0] AndroidManifest.xml:26:9-28:40
108            android:name="androidx.window.sidecar"
108-->[androidx.window:window:1.2.0] AndroidManifest.xml:27:13-51
109            android:required="false" />
109-->[androidx.window:window:1.2.0] AndroidManifest.xml:28:13-37
110
111        <provider
111-->[androidx.lifecycle:lifecycle-process:2.7.0] AndroidManifest.xml:24:9-32:20
112            android:name="androidx.startup.InitializationProvider"
112-->[androidx.lifecycle:lifecycle-process:2.7.0] AndroidManifest.xml:25:13-67
113            android:authorities="com.example.beposoft.androidx-startup"
113-->[androidx.lifecycle:lifecycle-process:2.7.0] AndroidManifest.xml:26:13-68
114            android:exported="false" >
114-->[androidx.lifecycle:lifecycle-process:2.7.0] AndroidManifest.xml:27:13-37
115            <meta-data
115-->[androidx.lifecycle:lifecycle-process:2.7.0] AndroidManifest.xml:29:13-31:52
116                android:name="androidx.lifecycle.ProcessLifecycleInitializer"
116-->[androidx.lifecycle:lifecycle-process:2.7.0] AndroidManifest.xml:30:17-78
117                android:value="androidx.startup" />
117-->[androidx.lifecycle:lifecycle-process:2.7.0] AndroidManifest.xml:31:17-49
118            <meta-data
118-->[androidx.profileinstaller:profileinstaller:1.3.1] AndroidManifest.xml:29:13-31:52
119                android:name="androidx.profileinstaller.ProfileInstallerInitializer"
119-->[androidx.profileinstaller:profileinstaller:1.3.1] AndroidManifest.xml:30:17-85
120                android:value="androidx.startup" />
120-->[androidx.profileinstaller:profileinstaller:1.3.1] AndroidManifest.xml:31:17-49
121        </provider>
122
123        <receiver
123-->[androidx.profileinstaller:profileinstaller:1.3.1] AndroidManifest.xml:34:9-52:20
124            android:name="androidx.profileinstaller.ProfileInstallReceiver"
124-->[androidx.profileinstaller:profileinstaller:1.3.1] AndroidManifest.xml:35:13-76
125            android:directBootAware="false"
125-->[androidx.profileinstaller:profileinstaller:1.3.1] AndroidManifest.xml:36:13-44
126            android:enabled="true"
126-->[androidx.profileinstaller:profileinstaller:1.3.1] AndroidManifest.xml:37:13-35
127            android:exported="true"
127-->[androidx.profileinstaller:profileinstaller:1.3.1] AndroidManifest.xml:38:13-36
128            android:permission="android.permission.DUMP" >
128-->[androidx.profileinstaller:profileinstaller:1.3.1] AndroidManifest.xml:39:13-57
129            <intent-filter>
129-->[androidx.profileinstaller:profileinstaller:1.3.1] AndroidManifest.xml:40:13-42:29
130                <action android:name="androidx.profileinstaller.action.INSTALL_PROFILE" />
130-->[androidx.profileinstaller:profileinstaller:1.3.1] AndroidManifest.xml:41:17-91
130-->[androidx.profileinstaller:profileinstaller:1.3.1] AndroidManifest.xml:41:25-88
131            </intent-filter>
132            <intent-filter>
132-->[androidx.profileinstaller:profileinstaller:1.3.1] AndroidManifest.xml:43:13-45:29
133                <action android:name="androidx.profileinstaller.action.SKIP_FILE" />
133-->[androidx.profileinstaller:profileinstaller:1.3.1] AndroidManifest.xml:44:17-85
133-->[androidx.profileinstaller:profileinstaller:1.3.1] AndroidManifest.xml:44:25-82
134            </intent-filter>
135            <intent-filter>
135-->[androidx.profileinstaller:profileinstaller:1.3.1] AndroidManifest.xml:46:13-48:29
136                <action android:name="androidx.profileinstaller.action.SAVE_PROFILE" />
136-->[androidx.profileinstaller:profileinstaller:1.3.1] AndroidManifest.xml:47:17-88
136-->[androidx.profileinstaller:profileinstaller:1.3.1] AndroidManifest.xml:47:25-85
137            </intent-filter>
138            <intent-filter>
138-->[androidx.profileinstaller:profileinstaller:1.3.1] AndroidManifest.xml:49:13-51:29
139                <action android:name="androidx.profileinstaller.action.BENCHMARK_OPERATION" />
139-->[androidx.profileinstaller:profileinstaller:1.3.1] AndroidManifest.xml:50:17-95
139-->[androidx.profileinstaller:profileinstaller:1.3.1] AndroidManifest.xml:50:25-92
140            </intent-filter>
141        </receiver>
142    </application>
143
144</manifest>